{"__isAuthError":true,"code":"not_admin","level":"error","message":"❌ Error creating user in Supabase Auth: User not allowed","name":"AuthApiError","service":"team-delivery-server","stack":"AuthApiError: User not allowed\n    at handleError (C:\\Users\\User\\Downloads\\TeamDeliveryApp\\node_modules\\@supabase\\auth-js\\dist\\main\\lib\\fetch.js:69:11)\n    at process.processTicksAndRejections (node:internal/process/task_queues:95:5)\n    at async _handleRequest (C:\\Users\\User\\Downloads\\TeamDeliveryApp\\node_modules\\@supabase\\auth-js\\dist\\main\\lib\\fetch.js:114:9)\n    at async _request (C:\\Users\\User\\Downloads\\TeamDeliveryApp\\node_modules\\@supabase\\auth-js\\dist\\main\\lib\\fetch.js:95:18)\n    at async GoTrueAdminApi.createUser (C:\\Users\\User\\Downloads\\TeamDeliveryApp\\node_modules\\@supabase\\auth-js\\dist\\main\\GoTrueAdminApi.js:116:20)\n    at async C:\\Users\\User\\Downloads\\TeamDeliveryApp\\server.js:242:54","status":403,"timestamp":"2025-07-21 21:36:28"}
{"code":"22P02","details":null,"hint":null,"level":"error","message":"❌ Error creating registration: invalid input syntax for type uuid: \"temp_1753124175299\"","service":"team-delivery-server","timestamp":"2025-07-21 21:56:15"}
{"code":"42501","details":null,"hint":null,"level":"error","message":"❌ Error creating registration: new row violates row-level security policy for table \"user_registrations\"","service":"team-delivery-server","timestamp":"2025-07-21 21:57:48"}
{"code":"23503","details":"Key (user_id)=(dedb4374-58ab-4da1-bfee-9bb91abd156b) is not present in table \"users\".","hint":null,"level":"error","message":"❌ Service role insert also failed: insert or update on table \"user_registrations\" violates foreign key constraint \"user_registrations_user_id_fkey\"","service":"team-delivery-server","timestamp":"2025-07-21 21:59:15"}
{"code":"23503","details":"Key (user_id)=(35ba7d34-324a-469f-b65a-935c2877f5e7) is not present in table \"users\".","hint":null,"level":"error","message":"❌ Service role insert also failed: insert or update on table \"user_registrations\" violates foreign key constraint \"user_registrations_user_id_fkey\"","service":"team-delivery-server","timestamp":"2025-07-21 21:59:27"}
{"code":"23503","details":"Key is not present in table \"users\".","hint":null,"level":"error","message":"❌ Error creating registration: insert or update on table \"user_registrations\" violates foreign key constraint \"user_registrations_user_id_fkey\"","service":"team-delivery-server","timestamp":"2025-07-21 21:59:45"}
{"level":"error","message":"❌ Error in registration acceptance: Cannot access 'serviceClient' before initialization","service":"team-delivery-server","stack":"ReferenceError: Cannot access 'serviceClient' before initialization\n    at C:\\Users\\User\\Downloads\\TeamDeliveryApp\\server.js:317:40\n    at process.processTicksAndRejections (node:internal/process/task_queues:95:5)","timestamp":"2025-07-22 16:04:17"}
{"level":"error","message":"❌ Error in registration acceptance: Cannot access 'serviceClient' before initialization","service":"team-delivery-server","stack":"ReferenceError: Cannot access 'serviceClient' before initialization\n    at C:\\Users\\User\\Downloads\\TeamDeliveryApp\\server.js:317:40\n    at process.processTicksAndRejections (node:internal/process/task_queues:95:5)","timestamp":"2025-07-22 16:04:37"}
{"code":"23503","details":"Key (user_id)=(7302180a-b007-4132-aef2-c49597a9d74d) is not present in table \"users\".","hint":null,"level":"error","message":"❌ Error creating user account: insert or update on table \"users\" violates foreign key constraint \"users_user_id_fkey\"","service":"team-delivery-server","timestamp":"2025-07-22 16:17:45"}
{"code":"23503","details":"Key (user_id)=(48cbfee1-ea01-4c57-9bc3-52c9ae0c915a) is not present in table \"users\".","hint":null,"level":"error","message":"❌ Error creating user account: insert or update on table \"users\" violates foreign key constraint \"users_user_id_fkey\"","service":"team-delivery-server","timestamp":"2025-07-22 16:17:57"}
{"code":"23503","details":"Key (user_id)=(a0865f59-c406-4130-a215-f2a9a7209a24) is not present in table \"users\".","hint":null,"level":"error","message":"❌ Error creating user account: insert or update on table \"users\" violates foreign key constraint \"users_user_id_fkey\"","service":"team-delivery-server","timestamp":"2025-07-22 16:17:58"}
{"code":"23503","details":"Key (user_id)=(5e21b2f8-df38-4163-ad67-75dc3c815d6d) is not present in table \"users\".","hint":null,"level":"error","message":"❌ Error creating user account: insert or update on table \"users\" violates foreign key constraint \"users_user_id_fkey\"","service":"team-delivery-server","timestamp":"2025-07-22 16:17:58"}
{"code":"PGRST204","details":null,"hint":null,"level":"error","message":"❌ Error updating user: Could not find the 'notes' column of 'users' in the schema cache","service":"team-delivery-server","timestamp":"2025-07-22 16:47:26"}
{"level":"error","message":"❌ Login error: User not found","service":"team-delivery-server","timestamp":"2025-07-22 17:52:10","username":"Test"}
{"error":{"code":"PGRST116","details":"The result contains 0 rows","hint":null,"message":"JSON object requested, multiple (or no) rows returned"},"level":"error","message":"❌ Login error: User query error","service":"team-delivery-server","timestamp":"2025-07-22 18:09:53","username":"Test"}
{"code":"22P02","details":null,"hint":null,"level":"error","message":"❌ Error fetching driver orders: invalid input syntax for type uuid: \"6\"","service":"team-delivery-server","timestamp":"2025-07-22 18:10:05"}
{"code":"22P02","details":null,"hint":null,"level":"error","message":"❌ Error fetching driver orders: invalid input syntax for type uuid: \"6\"","service":"team-delivery-server","timestamp":"2025-07-22 20:38:29"}
{"code":"22P02","details":null,"hint":null,"level":"error","message":"❌ Error fetching driver orders: invalid input syntax for type uuid: \"6\"","service":"team-delivery-server","timestamp":"2025-07-22 20:41:21"}
{"code":"22P02","details":null,"hint":null,"level":"error","message":"❌ Error fetching driver orders: invalid input syntax for type uuid: \"6\"","service":"team-delivery-server","timestamp":"2025-07-22 20:44:29"}
{"expectedRole":"shop","level":"error","message":"❌ Login error: Role mismatch","providedRole":"driver","service":"team-delivery-server","timestamp":"2025-07-23 09:35:12","username":"test298"}
{"code":"22P02","details":null,"hint":null,"level":"error","message":"❌ Error fetching driver orders: invalid input syntax for type uuid: \"6\"","service":"team-delivery-server","timestamp":"2025-07-23 09:43:21"}
{"level":"error","message":"❌ Login error: Invalid password","service":"team-delivery-server","timestamp":"2025-07-23 10:58:51","username":"test793"}
{"level":"error","message":"❌ Login error: Invalid password","service":"team-delivery-server","timestamp":"2025-07-23 10:58:57","username":"test793"}
{"expectedRole":"driver","level":"error","message":"❌ Login error: Role mismatch","providedRole":"shop","service":"team-delivery-server","timestamp":"2025-07-23 10:59:47","username":"test793"}
{"error":{"code":"PGRST116","details":"The result contains 0 rows","hint":null,"message":"JSON object requested, multiple (or no) rows returned"},"level":"error","message":"❌ Login error: User query error","service":"team-delivery-server","timestamp":"2025-07-23 11:10:08","username":"Admin1234"}
{"expectedRole":"shop","level":"error","message":"❌ Login error: Role mismatch","providedRole":"driver","service":"team-delivery-server","timestamp":"2025-07-23 11:10:19","username":"test298"}
{"expectedRole":"shop","level":"error","message":"❌ Login error: Role mismatch","providedRole":"driver","service":"team-delivery-server","timestamp":"2025-07-23 11:10:24","username":"test298"}
{"expectedRole":"shop","level":"error","message":"❌ Login error: Role mismatch","providedRole":"driver","service":"team-delivery-server","timestamp":"2025-07-23 11:19:35","username":"test298"}
{"code":"23502","details":"Failing row contains (fbb4876a-6e70-4ba6-aaff-888c223e290f, null, new_order_available, New Order Available, A new delivery order is available for pickup, {\"amount\": 12, \"order_id\": \"61b7f07a-a8e0-4532-9bb0-6d56014b41d8..., f, 2025-07-23 08:20:25.909007+00).","hint":null,"level":"error","message":"❌ Error creating order: null value in column \"user_id\" of relation \"notifications\" violates not-null constraint","service":"team-delivery-server","timestamp":"2025-07-23 11:20:47"}
{"code":"23502","details":"Failing row contains (9d92f2d6-f688-4f20-b60c-fd98ce2f341d, null, new_order_available, New Order Available, A new delivery order is available for pickup, {\"amount\": 12, \"order_id\": \"5316a059-bed6-47a6-94ca-7a0db9357b52..., f, 2025-07-23 08:38:23.958353+00).","hint":null,"level":"error","message":"❌ Error creating order: null value in column \"user_id\" of relation \"notifications\" violates not-null constraint","service":"team-delivery-server","timestamp":"2025-07-23 11:38:45"}
{"code":"23502","details":"Failing row contains (35f79fb8-967b-4009-aab3-ae262a24597a, null, new_order_available, New Order Available, A new delivery order is available for pickup, {\"amount\": 12, \"order_id\": \"cf2a403c-8091-4195-b1aa-3e256e132faa..., f, 2025-07-23 11:49:09.099514+00).","hint":null,"level":"error","message":"❌ Error creating order: null value in column \"user_id\" of relation \"notifications\" violates not-null constraint","service":"team-delivery-server","timestamp":"2025-07-23 14:49:31"}
{"expectedRole":"shop","level":"error","message":"❌ Login error: Role mismatch","providedRole":"driver","service":"team-delivery-server","timestamp":"2025-07-23 14:59:20","username":"test298"}
{"expectedRole":"shop","level":"error","message":"❌ Login error: Role mismatch","providedRole":"driver","service":"team-delivery-server","timestamp":"2025-07-23 15:05:07","username":"test298"}
{"expectedRole":"shop","level":"error","message":"❌ Login error: Role mismatch","providedRole":"driver","service":"team-delivery-server","timestamp":"2025-07-23 15:05:25","username":"test298"}
{"code":"22001","details":null,"hint":null,"level":"error","message":"❌ Error creating order: value too long for type character varying(20)","service":"team-delivery-server","timestamp":"2025-07-23 15:05:45"}
{"level":"error","message":"❌ Login error: Invalid password","service":"team-delivery-server","timestamp":"2025-07-23 15:18:03","username":"test793"}
{"code":"22P02","details":null,"hint":null,"level":"error","message":"❌ Error creating order: invalid input syntax for type uuid: \"6\"","service":"team-delivery-server","timestamp":"2025-07-23 15:18:39"}
{"code":"22P02","details":null,"hint":null,"level":"error","message":"❌ Error creating order: invalid input syntax for type uuid: \"7\"","service":"team-delivery-server","timestamp":"2025-07-23 15:22:37"}
{"expectedRole":"shop","level":"error","message":"❌ Login error: Role mismatch","providedRole":"driver","service":"team-delivery-server","timestamp":"2025-07-23 15:47:46","username":"test298"}
{"expectedRole":"shop","level":"error","message":"❌ Login error: Role mismatch","providedRole":"driver","service":"team-delivery-server","timestamp":"2025-07-23 15:47:57","username":"test298"}
{"error":{"code":"PGRST116","details":"The result contains 0 rows","hint":null,"message":"JSON object requested, multiple (or no) rows returned"},"level":"error","message":"❌ Login error: User query error","service":"team-delivery-server","timestamp":"2025-07-26 10:49:22","username":"Test"}
{"expectedRole":"shop","level":"error","message":"❌ Login error: Role mismatch","providedRole":"driver","service":"team-delivery-server","timestamp":"2025-07-26 10:57:19","username":"test298"}
{"expectedRole":"driver","level":"error","message":"❌ Login error: Role mismatch","providedRole":"shop","service":"team-delivery-server","timestamp":"2025-07-26 11:03:17","username":"test793"}
{"expectedRole":"driver","level":"error","message":"❌ Login error: Role mismatch","providedRole":"shop","service":"team-delivery-server","timestamp":"2025-07-26 11:03:25","username":"test793"}
{"expectedRole":"driver","level":"error","message":"❌ Login error: Role mismatch","providedRole":"shop","service":"team-delivery-server","timestamp":"2025-07-26 11:13:21","username":"test793"}
{"expectedRole":"shop","level":"error","message":"❌ Login error: Role mismatch","providedRole":"driver","service":"team-delivery-server","timestamp":"2025-07-26 11:22:20","username":"test298"}
{"level":"error","message":"❌ Login error: Invalid password","service":"team-delivery-server","timestamp":"2025-07-26 11:22:32","username":"test793"}
{"expectedRole":"driver","level":"error","message":"❌ Login error: Role mismatch","providedRole":"shop","service":"team-delivery-server","timestamp":"2025-07-26 11:36:26","username":"test793"}
{"level":"error","message":"❌ Login error: Invalid password","service":"team-delivery-server","timestamp":"2025-07-27 15:01:19","username":"test793"}
{"level":"error","message":"❌ Login error: Invalid password","service":"team-delivery-server","timestamp":"2025-07-27 15:07:01","username":"test793"}
{"level":"error","message":"❌ Login error: Invalid password","service":"team-delivery-server","timestamp":"2025-07-28 11:49:18","username":"test793"}
{"level":"error","message":"❌ Login error: Invalid password","service":"team-delivery-server","timestamp":"2025-07-28 11:49:19","username":"test793"}
{"code":"PGRST116","details":"The result contains 0 rows","hint":null,"level":"error","message":"❌ Error fetching order details: JSON object requested, multiple (or no) rows returned","service":"team-delivery-server","timestamp":"2025-07-28 18:05:42"}
{"expectedRole":"shop","level":"error","message":"❌ Login error: Role mismatch","providedRole":"driver","service":"team-delivery-server","timestamp":"2025-07-29 12:43:15","username":"test298"}
{"level":"error","message":"❌ Login error: Invalid password","service":"team-delivery-server","timestamp":"2025-07-29 12:53:27","username":"test298"}
{"expectedRole":"shop","level":"error","message":"❌ Login error: Role mismatch","providedRole":"driver","service":"team-delivery-server","timestamp":"2025-07-29 14:45:17","username":"test298"}
{"expectedRole":"shop","level":"error","message":"❌ Login error: Role mismatch","providedRole":"driver","service":"team-delivery-server","timestamp":"2025-07-29 15:23:29","username":"test298"}
{"expectedRole":"shop","level":"error","message":"❌ Login error: Role mismatch","providedRole":"driver","service":"team-delivery-server","timestamp":"2025-07-29 16:25:27","username":"test298"}
{"level":"error","message":"❌ Login error: Invalid password","service":"team-delivery-server","timestamp":"2025-07-29 17:21:27","username":"tere967"}
{"level":"error","message":"❌ Login error: Invalid password","service":"team-delivery-server","timestamp":"2025-07-29 17:33:31","username":"test298"}
{"level":"error","message":"❌ Login error: Invalid password","service":"team-delivery-server","timestamp":"2025-07-30 00:03:44","username":"test793"}
{"error":{"code":"PGRST116","details":"The result contains 0 rows","hint":null,"message":"JSON object requested, multiple (or no) rows returned"},"level":"error","message":"❌ Login error: User query error","service":"team-delivery-server","timestamp":"2025-07-30 00:04:06","username":"Admin1234"}
{"expectedRole":"shop","level":"error","message":"❌ Login error: Role mismatch","providedRole":"driver","service":"team-delivery-server","timestamp":"2025-07-30 00:11:09","username":"test298"}
{"error":{"code":"PGRST116","details":"The result contains 0 rows","hint":null,"message":"JSON object requested, multiple (or no) rows returned"},"level":"error","message":"❌ Login error: User query error","service":"team-delivery-server","timestamp":"2025-07-30 16:02:18","username":"Admin1234"}
{"expectedRole":"shop","level":"error","message":"❌ Login error: Role mismatch","providedRole":"driver","service":"team-delivery-server","timestamp":"2025-07-30 16:03:47","username":"test298"}
{"code":"23502","details":"Failing row contains (cea847db-425f-4f74-938e-8230f180f057, ORD-757664-RN59, null, 6955687058, Custom Order, 12.00, pending, 2025-07-30 14:12:31.926654+00, null, null, ασδαδσ, 2025-07-30 14:12:31.926654+00, 2025-07-30 14:12:31.926654+00, 4beab3af-8711-4c0d-a9c6-622c3f73f61e, Τεστ, null, null, \"[{\\\"name\\\":\\\"Delivery Item\\\",\\\"qty\\\":1,\\\"price\\\":12}]\", cash, null).","hint":null,"level":"error","message":"❌ Error creating order: null value in column \"customer_name\" of relation \"orders\" violates not-null constraint","service":"team-delivery-server","timestamp":"2025-07-30 17:12:37"}
{"code":"23502","details":"Failing row contains (17c27f93-9248-4006-9fa3-52bddd4c4b3c, ORD-080697-G3BI, null, 6955687058, Custom Order, 12.00, pending, 2025-07-30 14:17:54.941569+00, null, null, ασδασδ, 2025-07-30 14:17:54.941569+00, 2025-07-30 14:17:54.941569+00, 4beab3af-8711-4c0d-a9c6-622c3f73f61e, Μουρούζι 5, null, null, \"[{\\\"name\\\":\\\"Delivery Item\\\",\\\"qty\\\":1,\\\"price\\\":12}]\", cash, null).","hint":null,"level":"error","message":"❌ Error creating order: null value in column \"customer_name\" of relation \"orders\" violates not-null constraint","service":"team-delivery-server","timestamp":"2025-07-30 17:18:00"}
{"expectedRole":"shop","level":"error","message":"❌ Login error: Role mismatch","providedRole":"driver","service":"team-delivery-server","timestamp":"2025-07-31 16:26:02","username":"test298"}
{"code":"42P01","details":null,"hint":null,"level":"error","message":"❌ Error fetching schedules: relation \"public.schedules\" does not exist","service":"team-delivery-server","timestamp":"2025-08-02 16:52:02"}
{"code":"42P01","details":null,"hint":null,"level":"error","message":"❌ Error fetching schedules: relation \"public.schedules\" does not exist","service":"team-delivery-server","timestamp":"2025-08-02 16:52:05"}
{"code":"42P01","details":null,"hint":null,"level":"error","message":"❌ Error fetching schedules: relation \"public.schedules\" does not exist","service":"team-delivery-server","timestamp":"2025-08-02 17:08:12"}
{"code":"42P01","details":null,"hint":null,"level":"error","message":"❌ Error fetching schedules: relation \"public.schedules\" does not exist","service":"team-delivery-server","timestamp":"2025-08-02 17:09:24"}
{"code":"42P01","details":null,"hint":null,"level":"error","message":"❌ Error fetching schedules: relation \"public.schedules\" does not exist","service":"team-delivery-server","timestamp":"2025-08-02 17:17:32"}
{"code":"42P01","details":null,"hint":null,"level":"error","message":"❌ Error fetching schedules: relation \"public.schedules\" does not exist","service":"team-delivery-server","timestamp":"2025-08-02 17:17:47"}
{"code":"42P01","details":null,"hint":null,"level":"error","message":"❌ Error fetching schedules: relation \"public.schedules\" does not exist","service":"team-delivery-server","timestamp":"2025-08-02 17:17:48"}
{"code":"42P01","details":null,"hint":null,"level":"error","message":"❌ Error fetching schedules: relation \"public.schedules\" does not exist","service":"team-delivery-server","timestamp":"2025-08-02 17:17:49"}
{"code":"42P01","details":null,"hint":null,"level":"error","message":"❌ Error fetching schedules: relation \"public.schedules\" does not exist","service":"team-delivery-server","timestamp":"2025-08-02 17:17:51"}
{"code":"42P01","details":null,"hint":null,"level":"error","message":"❌ Error fetching schedules: relation \"public.schedules\" does not exist","service":"team-delivery-server","timestamp":"2025-08-02 17:17:53"}
{"code":"42P01","details":null,"hint":null,"level":"error","message":"❌ Error fetching schedules: relation \"public.schedules\" does not exist","service":"team-delivery-server","timestamp":"2025-08-02 17:18:27"}
{"code":"42P01","details":null,"hint":null,"level":"error","message":"❌ Error fetching schedules: relation \"public.schedules\" does not exist","service":"team-delivery-server","timestamp":"2025-08-02 17:19:27"}
{"code":"22P02","details":null,"hint":null,"level":"error","message":"❌ Error fetching driver stats: invalid input syntax for type uuid: \"6\"","service":"team-delivery-server","timestamp":"2025-08-02 17:19:44"}
{"code":"22P02","details":null,"hint":null,"level":"error","message":"❌ Error fetching driver stats: invalid input syntax for type uuid: \"6\"","service":"team-delivery-server","timestamp":"2025-08-02 17:22:36"}
{"code":"22P02","details":null,"hint":null,"level":"error","message":"❌ Error fetching driver stats: invalid input syntax for type uuid: \"5\"","service":"team-delivery-server","timestamp":"2025-08-02 17:23:23"}
{"code":"22P02","details":null,"hint":null,"level":"error","message":"❌ Error fetching driver stats: invalid input syntax for type uuid: \"6\"","service":"team-delivery-server","timestamp":"2025-08-02 17:25:33"}
{"code":"22P02","details":null,"hint":null,"level":"error","message":"❌ Error fetching driver orders: invalid input syntax for type uuid: \"6\"","service":"team-delivery-server","timestamp":"2025-08-02 17:25:38"}
{"code":"22P02","details":null,"hint":null,"level":"error","message":"❌ Error fetching driver orders: invalid input syntax for type uuid: \"6\"","service":"team-delivery-server","timestamp":"2025-08-02 17:25:42"}
{"code":"22P02","details":null,"hint":null,"level":"error","message":"❌ Error fetching driver orders: invalid input syntax for type uuid: \"6\"","service":"team-delivery-server","timestamp":"2025-08-02 17:25:45"}
{"code":"22P02","details":null,"hint":null,"level":"error","message":"❌ Error fetching driver orders: invalid input syntax for type uuid: \"6\"","service":"team-delivery-server","timestamp":"2025-08-02 17:25:49"}
{"code":"22P02","details":null,"hint":null,"level":"error","message":"❌ Error fetching driver orders: invalid input syntax for type uuid: \"6\"","service":"team-delivery-server","timestamp":"2025-08-02 17:25:53"}
{"code":"22P02","details":null,"hint":null,"level":"error","message":"❌ Error fetching driver orders: invalid input syntax for type uuid: \"6\"","service":"team-delivery-server","timestamp":"2025-08-02 17:25:56"}
{"code":"22P02","details":null,"hint":null,"level":"error","message":"❌ Error fetching driver orders: invalid input syntax for type uuid: \"1\"","service":"team-delivery-server","timestamp":"2025-08-02 17:26:55"}
{"code":"22P02","details":null,"hint":null,"level":"error","message":"❌ Error inserting sample orders: invalid input syntax for type uuid: \"1\"","service":"team-delivery-server","timestamp":"2025-08-02 17:27:12"}
{"code":"22P02","details":null,"hint":null,"level":"error","message":"❌ Error fetching driver orders: invalid input syntax for type uuid: \"1\"","service":"team-delivery-server","timestamp":"2025-08-02 17:28:32"}
{"code":"22P02","details":null,"hint":null,"level":"error","message":"❌ Error fetching driver stats: invalid input syntax for type uuid: \"6\"","service":"team-delivery-server","timestamp":"2025-08-02 17:29:00"}
{"code":"22P02","details":null,"hint":null,"level":"error","message":"❌ Error fetching driver orders: invalid input syntax for type uuid: \"5\"","service":"team-delivery-server","timestamp":"2025-08-02 17:29:16"}
{"code":"22P02","details":null,"hint":null,"level":"error","message":"❌ Error fetching driver orders: invalid input syntax for type uuid: \"5\"","service":"team-delivery-server","timestamp":"2025-08-02 17:29:19"}
{"code":"22P02","details":null,"hint":null,"level":"error","message":"❌ Error fetching driver orders: invalid input syntax for type uuid: \"5\"","service":"team-delivery-server","timestamp":"2025-08-02 17:29:30"}
{"code":"22P02","details":null,"hint":null,"level":"error","message":"❌ Error fetching driver orders: invalid input syntax for type uuid: \"5\"","service":"team-delivery-server","timestamp":"2025-08-02 17:29:41"}
{"code":"22P02","details":null,"hint":null,"level":"error","message":"❌ Error fetching driver orders: invalid input syntax for type uuid: \"5\"","service":"team-delivery-server","timestamp":"2025-08-02 17:29:50"}
{"code":"42P01","details":null,"hint":null,"level":"error","message":"❌ Error fetching schedules: relation \"public.schedules\" does not exist","service":"team-delivery-server","timestamp":"2025-08-02 17:30:05"}
{"code":"42P01","details":null,"hint":null,"level":"error","message":"❌ Error fetching schedules: relation \"public.schedules\" does not exist","service":"team-delivery-server","timestamp":"2025-08-02 17:30:08"}
{"code":"42P01","details":null,"hint":null,"level":"error","message":"❌ Error fetching schedules: relation \"public.schedules\" does not exist","service":"team-delivery-server","timestamp":"2025-08-02 17:30:09"}
{"code":"42P01","details":null,"hint":null,"level":"error","message":"❌ Error fetching schedules: relation \"public.schedules\" does not exist","service":"team-delivery-server","timestamp":"2025-08-02 17:30:17"}
{"code":"42P01","details":null,"hint":null,"level":"error","message":"❌ Error fetching schedules: relation \"public.schedules\" does not exist","service":"team-delivery-server","timestamp":"2025-08-02 17:30:20"}
{"code":"22P02","details":null,"hint":null,"level":"error","message":"❌ Error fetching driver stats: invalid input syntax for type uuid: \"5\"","service":"team-delivery-server","timestamp":"2025-08-02 17:30:51"}
{"code":"22P02","details":null,"hint":null,"level":"error","message":"❌ Error fetching driver orders: invalid input syntax for type uuid: \"5\"","service":"team-delivery-server","timestamp":"2025-08-02 17:30:59"}
{"code":"22P02","details":null,"hint":null,"level":"error","message":"❌ Error fetching driver orders: invalid input syntax for type uuid: \"5\"","service":"team-delivery-server","timestamp":"2025-08-02 17:31:01"}
{"code":"22P02","details":null,"hint":null,"level":"error","message":"❌ Error fetching driver stats: invalid input syntax for type uuid: \"5\"","service":"team-delivery-server","timestamp":"2025-08-02 17:31:03"}
{"code":"22P02","details":null,"hint":null,"level":"error","message":"❌ Error fetching driver stats: invalid input syntax for type uuid: \"5\"","service":"team-delivery-server","timestamp":"2025-08-02 17:31:09"}
{"code":"42P01","details":null,"hint":null,"level":"error","message":"❌ Error fetching schedules: relation \"public.schedules\" does not exist","service":"team-delivery-server","timestamp":"2025-08-02 17:32:01"}
{"code":"42P01","details":null,"hint":null,"level":"error","message":"❌ Error fetching schedules: relation \"public.schedules\" does not exist","service":"team-delivery-server","timestamp":"2025-08-02 17:34:39"}
{"code":"42P01","details":null,"hint":null,"level":"error","message":"❌ Error fetching schedules: relation \"public.schedules\" does not exist","service":"team-delivery-server","timestamp":"2025-08-02 17:34:47"}
{"code":"42P01","details":null,"hint":null,"level":"error","message":"❌ Error fetching schedules: relation \"public.schedules\" does not exist","service":"team-delivery-server","timestamp":"2025-08-02 17:34:48"}
{"code":"42P01","details":null,"hint":null,"level":"error","message":"❌ Error fetching schedules: relation \"public.schedules\" does not exist","service":"team-delivery-server","timestamp":"2025-08-02 17:43:32"}
{"code":"42P01","details":null,"hint":null,"level":"error","message":"❌ Error fetching schedules: relation \"public.schedules\" does not exist","service":"team-delivery-server","timestamp":"2025-08-02 17:45:02"}
{"code":"42P01","details":null,"hint":null,"level":"error","message":"❌ Error fetching schedules: relation \"public.schedules\" does not exist","service":"team-delivery-server","timestamp":"2025-08-09 13:57:01"}
{"code":"42P01","details":null,"hint":null,"level":"error","message":"❌ Error fetching schedules: relation \"public.schedules\" does not exist","service":"team-delivery-server","timestamp":"2025-08-09 13:57:11"}
{"code":"42P01","details":null,"hint":null,"level":"error","message":"❌ Error fetching schedules: relation \"public.schedules\" does not exist","service":"team-delivery-server","timestamp":"2025-08-09 15:25:34"}
{"code":"42P01","details":null,"hint":null,"level":"error","message":"❌ Error fetching schedules: relation \"public.schedules\" does not exist","service":"team-delivery-server","timestamp":"2025-08-09 15:37:11"}
{"code":"42P01","details":null,"hint":null,"level":"error","message":"❌ Error fetching schedules: relation \"public.schedules\" does not exist","service":"team-delivery-server","timestamp":"2025-08-09 15:50:03"}
{"code":"42P01","details":null,"hint":null,"level":"error","message":"❌ Error fetching schedules: relation \"public.schedules\" does not exist","service":"team-delivery-server","timestamp":"2025-08-09 15:50:12"}
{"code":"42P01","details":null,"hint":null,"level":"error","message":"❌ Error fetching schedules: relation \"public.schedules\" does not exist","service":"team-delivery-server","timestamp":"2025-08-09 15:58:06"}
{"error":{"code":"PGRST116","details":"The result contains 0 rows","hint":null,"message":"JSON object requested, multiple (or no) rows returned"},"level":"error","message":"❌ Login error: User query error","service":"team-delivery-server","timestamp":"2025-08-12 13:22:08","username":"Admin1234"}
{"error":{"code":"PGRST116","details":"The result contains 0 rows","hint":null,"message":"JSON object requested, multiple (or no) rows returned"},"level":"error","message":"❌ Login error: User query error","service":"team-delivery-server","timestamp":"2025-08-13 16:52:16","username":"Test"}
{"error":{"code":"PGRST116","details":"The result contains 0 rows","hint":null,"message":"JSON object requested, multiple (or no) rows returned"},"level":"error","message":"❌ Login error: User query error","service":"team-delivery-server","timestamp":"2025-08-13 16:52:20","username":"Test"}
{"error":{"code":"PGRST116","details":"The result contains 0 rows","hint":null,"message":"JSON object requested, multiple (or no) rows returned"},"level":"error","message":"❌ Login error: User query error","service":"team-delivery-server","timestamp":"2025-08-13 16:52:22","username":"Tere"}
{"code":"PGRST204","details":null,"hint":null,"level":"error","message":"❌ Error creating order: Could not find the 'category_id' column of 'orders' in the schema cache","service":"team-delivery-server","timestamp":"2025-08-13 17:16:13"}
{"code":"PGRST204","details":null,"hint":null,"level":"error","message":"❌ Error creating order: Could not find the 'category_id' column of 'orders' in the schema cache","service":"team-delivery-server","timestamp":"2025-08-13 17:19:35"}
{"code":"22P02","details":null,"hint":null,"level":"error","message":"❌ Error creating order: invalid input syntax for type uuid: \"7\"","service":"team-delivery-server","timestamp":"2025-08-13 17:22:13"}
